0 info it worked if it ends with ok
1 verbose cli [ '/home/felipe/Desenvolvimento/js/node-v6.9.1/bin/node',
1 verbose cli   '/home/felipe/Desenvolvimento/js/node-v6.9.1/bin/npm',
1 verbose cli   'start' ]
2 info using npm@3.10.8
3 info using node@v6.9.1
4 verbose run-script [ 'prestart', 'start', 'poststart' ]
5 info lifecycle frontendInterview@1.0.0~prestart: frontendInterview@1.0.0
6 verbose lifecycle frontendInterview@1.0.0~prestart: unsafe-perm in lifecycle true
7 verbose lifecycle frontendInterview@1.0.0~prestart: PATH: /home/felipe/Desenvolvimento/js/node-v6.9.1/lib/node_modules/npm/bin/node-gyp-bin:/home/felipe/Desenvolvimento/js/projetos/frontend-interview/node_modules/.bin:/usr/local/heroku/bin:/home/felipe/bin:/home/felipe/.local/bin:/usr/local/sbin:/usr/local/bin:/usr/sbin:/usr/bin:/sbin:/bin:/usr/games:/usr/local/games:/snap/bin:/usr/lib/jvm/java-8-oracle/bin:/usr/lib/jvm/java-8-oracle/db/bin:/usr/lib/jvm/java-8-oracle/jre/bin:/home/felipe/Desenvolvimento/js/node-v6.9.1/bin:/home/felipe/Desenvolvimento/scala/sbt/bin:/home/felipe/Desenvolvimento/android/sdk/platform-tools:/home/felipe/Desenvolvimento/android/sdk/tools
8 verbose lifecycle frontendInterview@1.0.0~prestart: CWD: /home/felipe/Desenvolvimento/js/projetos/frontend-interview
9 silly lifecycle frontendInterview@1.0.0~prestart: Args: [ '-c', 'gulp' ]
10 silly lifecycle frontendInterview@1.0.0~prestart: Returned: code: 1  signal: null
11 info lifecycle frontendInterview@1.0.0~prestart: Failed to exec prestart script
12 verbose stack Error: frontendInterview@1.0.0 prestart: `gulp`
12 verbose stack Exit status 1
12 verbose stack     at EventEmitter.<anonymous> (/home/felipe/Desenvolvimento/js/node-v6.9.1/lib/node_modules/npm/lib/utils/lifecycle.js:255:16)
12 verbose stack     at emitTwo (events.js:106:13)
12 verbose stack     at EventEmitter.emit (events.js:191:7)
12 verbose stack     at ChildProcess.<anonymous> (/home/felipe/Desenvolvimento/js/node-v6.9.1/lib/node_modules/npm/lib/utils/spawn.js:40:14)
12 verbose stack     at emitTwo (events.js:106:13)
12 verbose stack     at ChildProcess.emit (events.js:191:7)
12 verbose stack     at maybeClose (internal/child_process.js:877:16)
12 verbose stack     at Process.ChildProcess._handle.onexit (internal/child_process.js:226:5)
13 verbose pkgid frontendInterview@1.0.0
14 verbose cwd /home/felipe/Desenvolvimento/js/projetos/frontend-interview
15 error Linux 4.4.0-59-generic
16 error argv "/home/felipe/Desenvolvimento/js/node-v6.9.1/bin/node" "/home/felipe/Desenvolvimento/js/node-v6.9.1/bin/npm" "start"
17 error node v6.9.1
18 error npm  v3.10.8
19 error code ELIFECYCLE
20 error frontendInterview@1.0.0 prestart: `gulp`
20 error Exit status 1
21 error Failed at the frontendInterview@1.0.0 prestart script 'gulp'.
21 error Make sure you have the latest version of node.js and npm installed.
21 error If you do, this is most likely a problem with the frontendInterview package,
21 error not with npm itself.
21 error Tell the author that this fails on your system:
21 error     gulp
21 error You can get information on how to open an issue for this project with:
21 error     npm bugs frontendInterview
21 error Or if that isn't available, you can get their info via:
21 error     npm owner ls frontendInterview
21 error There is likely additional logging output above.
22 verbose exit [ 1, true ]
